[debug] [2024-02-19T10:30:45.724Z] ----------------------------------------------------------------------
[debug] [2024-02-19T10:30:45.727Z] Command:       C:\Program Files\nodejs\node.exe C:\Users\xsola\AppData\Roaming\npm\node_modules\firebase-tools\lib\bin\firebase.js init
[debug] [2024-02-19T10:30:45.728Z] CLI Version:   13.3.0
[debug] [2024-02-19T10:30:45.728Z] Platform:      win32
[debug] [2024-02-19T10:30:45.728Z] Node Version:  v20.11.0
[debug] [2024-02-19T10:30:45.729Z] Time:          Mon Feb 19 2024 11:30:45 GMT+0100 (West Africa Standard Time)
[debug] [2024-02-19T10:30:45.729Z] ----------------------------------------------------------------------
[debug] 
[debug] [2024-02-19T10:30:45.739Z] > command requires scopes: ["email","openid","https://www.googleapis.com/auth/cloudplatformprojects.readonly","https://www.googleapis.com/auth/firebase","https://www.googleapis.com/auth/cloud-platform"]
[debug] [2024-02-19T10:30:45.739Z] > authorizing via signed-in user (mathewsolomon91@gmail.com)
[info] 
     ######## #### ########  ######## ########     ###     ######  ########
     ##        ##  ##     ## ##       ##     ##  ##   ##  ##       ##
     ######    ##  ########  ######   ########  #########  ######  ######
     ##        ##  ##    ##  ##       ##     ## ##     ##       ## ##
     ##       #### ##     ## ######## ########  ##     ##  ######  ########

You're about to initialize a Firebase project in this directory:

  C:\Users\xsola\Documents\my-projects\alternativesolutiondigital

[info] 
=== Project Setup
[info] 
[info] First, let's associate this project directory with a Firebase project.
[info] You can create multiple project aliases by running firebase use --add, 
[info] but for now we'll just set up a default project.
[info] 
[debug] [2024-02-19T10:32:26.558Z] >>> [apiv2][query] GET https://firebase.googleapis.com/v1beta1/projects pageSize=100
[debug] [2024-02-19T10:32:28.930Z] <<< [apiv2][status] GET https://firebase.googleapis.com/v1beta1/projects 200
[debug] [2024-02-19T10:32:28.930Z] <<< [apiv2][body] GET https://firebase.googleapis.com/v1beta1/projects [omitted]
[info] i  Using project alternativesolutionsdigitals (alternativesolutionsdigitals) 
[info] 
=== Hosting Setup
[debug] [2024-02-19T10:32:37.147Z] >>> [apiv2][query] GET https://firebase.googleapis.com/v1beta1/projects/alternativesolutionsdigitals [none]
[debug] [2024-02-19T10:32:39.292Z] <<< [apiv2][status] GET https://firebase.googleapis.com/v1beta1/projects/alternativesolutionsdigitals 200
[debug] [2024-02-19T10:32:39.292Z] <<< [apiv2][body] GET https://firebase.googleapis.com/v1beta1/projects/alternativesolutionsdigitals {"projectId":"alternativesolutionsdigitals","projectNumber":"1000741881780","displayName":"alternativesolutionsdigitals","name":"projects/alternativesolutionsdigitals","resources":{"hostingSite":"alternativesolutionsdigitals"},"state":"ACTIVE","etag":"1_65811928-1632-480b-a0e6-f638fe63537d"}
[info] 
[info] Your public directory is the folder (relative to your project directory) that
[info] will contain Hosting assets to be uploaded with firebase deploy. If you
[info] have a build process for your assets, use your build's output directory.
[info] 
[debug] [2024-02-19T10:54:48.775Z] ----------------------------------------------------------------------
[debug] [2024-02-19T10:54:48.779Z] Command:       C:\Program Files\nodejs\node.exe C:\Users\xsola\AppData\Roaming\npm\node_modules\firebase-tools\lib\bin\firebase.js init
[debug] [2024-02-19T10:54:48.779Z] CLI Version:   13.3.0
[debug] [2024-02-19T10:54:48.780Z] Platform:      win32
[debug] [2024-02-19T10:54:48.780Z] Node Version:  v20.11.0
[debug] [2024-02-19T10:54:48.780Z] Time:          Mon Feb 19 2024 11:54:48 GMT+0100 (West Africa Standard Time)
[debug] [2024-02-19T10:54:48.780Z] ----------------------------------------------------------------------
[debug] 
[debug] [2024-02-19T10:54:48.791Z] > command requires scopes: ["email","openid","https://www.googleapis.com/auth/cloudplatformprojects.readonly","https://www.googleapis.com/auth/firebase","https://www.googleapis.com/auth/cloud-platform"]
[debug] [2024-02-19T10:54:48.791Z] > authorizing via signed-in user (mathewsolomon91@gmail.com)
[info] 
     ######## #### ########  ######## ########     ###     ######  ########
     ##        ##  ##     ## ##       ##     ##  ##   ##  ##       ##
     ######    ##  ########  ######   ########  #########  ######  ######
     ##        ##  ##    ##  ##       ##     ## ##     ##       ## ##
     ##       #### ##     ## ######## ########  ##     ##  ######  ########

You're about to initialize a Firebase project in this directory:

  C:\Users\xsola\Documents\my-projects\alternativesolutiondigital

[info] 
=== Project Setup
[info] 
[info] First, let's associate this project directory with a Firebase project.
[info] You can create multiple project aliases by running firebase use --add, 
[info] but for now we'll just set up a default project.
[info] 
[debug] [2024-02-19T10:55:00.928Z] >>> [apiv2][query] GET https://firebase.googleapis.com/v1beta1/projects pageSize=100
[debug] [2024-02-19T10:55:19.099Z] <<< [apiv2][status] GET https://firebase.googleapis.com/v1beta1/projects 200
[debug] [2024-02-19T10:55:19.101Z] <<< [apiv2][body] GET https://firebase.googleapis.com/v1beta1/projects [omitted]
[info] i  Using project alternativesolutionsdigitals (alternativesolutionsdigitals) 
[info] 
=== Hosting Setup
[debug] [2024-02-19T10:55:21.540Z] >>> [apiv2][query] GET https://firebase.googleapis.com/v1beta1/projects/alternativesolutionsdigitals [none]
[debug] [2024-02-19T10:55:22.324Z] <<< [apiv2][status] GET https://firebase.googleapis.com/v1beta1/projects/alternativesolutionsdigitals 200
[debug] [2024-02-19T10:55:22.325Z] <<< [apiv2][body] GET https://firebase.googleapis.com/v1beta1/projects/alternativesolutionsdigitals {"projectId":"alternativesolutionsdigitals","projectNumber":"1000741881780","displayName":"alternativesolutionsdigitals","name":"projects/alternativesolutionsdigitals","resources":{"hostingSite":"alternativesolutionsdigitals"},"state":"ACTIVE","etag":"1_65811928-1632-480b-a0e6-f638fe63537d"}
[info] 
[info] Your public directory is the folder (relative to your project directory) that
[info] will contain Hosting assets to be uploaded with firebase deploy. If you
[info] have a build process for your assets, use your build's output directory.
[info] 
